** Warning: The option -log is deprecated; use shell redirection

** Processing: ./screenshot.png
1918x1027 pixels, 8 bits/pixel, 256 colors in palette
Input IDAT size = 216793 bytes
Input file size = 217942 bytes

Trying:
  zc = 9  zm = 9  zs = 0  f = 0
  zc = 9  zm = 8  zs = 0  f = 0		IDAT size = 216793
  zc = 9  zm = 7  zs = 0  f = 0		IDAT size = 216056
  zc = 9  zm = 6  zs = 0  f = 0		IDAT size = 216053
  zc = 9  zm = 5  zs = 0  f = 0
  zc = 9  zm = 4  zs = 0  f = 0
  zc = 9  zm = 3  zs = 0  f = 0
  zc = 9  zm = 2  zs = 0  f = 0
  zc = 9  zm = 1  zs = 0  f = 0
  zc = 8  zm = 9  zs = 0  f = 0
  zc = 8  zm = 8  zs = 0  f = 0
  zc = 8  zm = 7  zs = 0  f = 0
  zc = 8  zm = 6  zs = 0  f = 0
  zc = 8  zm = 5  zs = 0  f = 0
  zc = 8  zm = 4  zs = 0  f = 0
  zc = 8  zm = 3  zs = 0  f = 0
  zc = 8  zm = 2  zs = 0  f = 0
  zc = 8  zm = 1  zs = 0  f = 0
  zc = 7  zm = 9  zs = 0  f = 0
  zc = 7  zm = 8  zs = 0  f = 0
  zc = 7  zm = 7  zs = 0  f = 0
  zc = 7  zm = 6  zs = 0  f = 0
  zc = 7  zm = 5  zs = 0  f = 0
  zc = 7  zm = 4  zs = 0  f = 0
  zc = 7  zm = 3  zs = 0  f = 0
  zc = 7  zm = 2  zs = 0  f = 0
  zc = 7  zm = 1  zs = 0  f = 0
  zc = 6  zm = 9  zs = 0  f = 0
  zc = 6  zm = 8  zs = 0  f = 0
  zc = 6  zm = 7  zs = 0  f = 0
  zc = 6  zm = 6  zs = 0  f = 0
  zc = 6  zm = 5  zs = 0  f = 0
  zc = 6  zm = 4  zs = 0  f = 0
  zc = 6  zm = 3  zs = 0  f = 0
  zc = 6  zm = 2  zs = 0  f = 0
  zc = 6  zm = 1  zs = 0  f = 0
  zc = 5  zm = 9  zs = 0  f = 0
  zc = 5  zm = 8  zs = 0  f = 0
  zc = 5  zm = 7  zs = 0  f = 0
  zc = 5  zm = 6  zs = 0  f = 0
  zc = 5  zm = 5  zs = 0  f = 0
  zc = 5  zm = 4  zs = 0  f = 0
  zc = 5  zm = 3  zs = 0  f = 0
  zc = 5  zm = 2  zs = 0  f = 0
  zc = 5  zm = 1  zs = 0  f = 0
  zc = 4  zm = 9  zs = 0  f = 0
  zc = 4  zm = 8  zs = 0  f = 0
  zc = 4  zm = 7  zs = 0  f = 0
  zc = 4  zm = 6  zs = 0  f = 0
  zc = 4  zm = 5  zs = 0  f = 0
  zc = 4  zm = 4  zs = 0  f = 0
  zc = 4  zm = 3  zs = 0  f = 0
  zc = 4  zm = 2  zs = 0  f = 0
  zc = 4  zm = 1  zs = 0  f = 0
  zc = 3  zm = 9  zs = 0  f = 0
  zc = 3  zm = 8  zs = 0  f = 0
  zc = 3  zm = 7  zs = 0  f = 0
  zc = 3  zm = 6  zs = 0  f = 0
  zc = 3  zm = 5  zs = 0  f = 0
  zc = 3  zm = 4  zs = 0  f = 0
  zc = 3  zm = 3  zs = 0  f = 0
  zc = 3  zm = 2  zs = 0  f = 0
  zc = 3  zm = 1  zs = 0  f = 0
  zc = 2  zm = 9  zs = 0  f = 0
  zc = 2  zm = 8  zs = 0  f = 0
  zc = 2  zm = 7  zs = 0  f = 0
  zc = 2  zm = 6  zs = 0  f = 0
  zc = 2  zm = 5  zs = 0  f = 0
  zc = 2  zm = 4  zs = 0  f = 0
  zc = 2  zm = 3  zs = 0  f = 0
  zc = 2  zm = 2  zs = 0  f = 0
  zc = 2  zm = 1  zs = 0  f = 0
  zc = 1  zm = 9  zs = 0  f = 0
  zc = 1  zm = 8  zs = 0  f = 0
  zc = 1  zm = 7  zs = 0  f = 0
  zc = 1  zm = 6  zs = 0  f = 0
  zc = 1  zm = 5  zs = 0  f = 0
  zc = 1  zm = 4  zs = 0  f = 0
  zc = 1  zm = 3  zs = 0  f = 0
  zc = 1  zm = 2  zs = 0  f = 0
  zc = 1  zm = 1  zs = 0  f = 0
  zc = 9  zm = 9  zs = 1  f = 0
  zc = 9  zm = 8  zs = 1  f = 0
  zc = 9  zm = 7  zs = 1  f = 0
  zc = 9  zm = 6  zs = 1  f = 0
  zc = 9  zm = 5  zs = 1  f = 0
  zc = 9  zm = 4  zs = 1  f = 0
  zc = 9  zm = 3  zs = 1  f = 0
  zc = 9  zm = 2  zs = 1  f = 0
  zc = 9  zm = 1  zs = 1  f = 0
  zc = 8  zm = 9  zs = 1  f = 0
  zc = 8  zm = 8  zs = 1  f = 0
  zc = 8  zm = 7  zs = 1  f = 0
  zc = 8  zm = 6  zs = 1  f = 0
  zc = 8  zm = 5  zs = 1  f = 0
  zc = 8  zm = 4  zs = 1  f = 0
  zc = 8  zm = 3  zs = 1  f = 0
  zc = 8  zm = 2  zs = 1  f = 0
  zc = 8  zm = 1  zs = 1  f = 0
  zc = 7  zm = 9  zs = 1  f = 0
  zc = 7  zm = 8  zs = 1  f = 0
  zc = 7  zm = 7  zs = 1  f = 0
  zc = 7  zm = 6  zs = 1  f = 0
  zc = 7  zm = 5  zs = 1  f = 0
  zc = 7  zm = 4  zs = 1  f = 0
  zc = 7  zm = 3  zs = 1  f = 0
  zc = 7  zm = 2  zs = 1  f = 0
  zc = 7  zm = 1  zs = 1  f = 0
  zc = 6  zm = 9  zs = 1  f = 0
  zc = 6  zm = 8  zs = 1  f = 0
  zc = 6  zm = 7  zs = 1  f = 0
  zc = 6  zm = 6  zs = 1  f = 0
  zc = 6  zm = 5  zs = 1  f = 0
  zc = 6  zm = 4  zs = 1  f = 0
  zc = 6  zm = 3  zs = 1  f = 0
  zc = 6  zm = 2  zs = 1  f = 0
  zc = 6  zm = 1  zs = 1  f = 0
  zc = 5  zm = 9  zs = 1  f = 0
  zc = 5  zm = 8  zs = 1  f = 0
  zc = 5  zm = 7  zs = 1  f = 0
  zc = 5  zm = 6  zs = 1  f = 0
  zc = 5  zm = 5  zs = 1  f = 0
  zc = 5  zm = 4  zs = 1  f = 0
  zc = 5  zm = 3  zs = 1  f = 0
  zc = 5  zm = 2  zs = 1  f = 0
  zc = 5  zm = 1  zs = 1  f = 0
  zc = 4  zm = 9  zs = 1  f = 0
  zc = 4  zm = 8  zs = 1  f = 0
  zc = 4  zm = 7  zs = 1  f = 0
  zc = 4  zm = 6  zs = 1  f = 0
  zc = 4  zm = 5  zs = 1  f = 0
  zc = 4  zm = 4  zs = 1  f = 0
  zc = 4  zm = 3  zs = 1  f = 0
  zc = 4  zm = 2  zs = 1  f = 0
  zc = 4  zm = 1  zs = 1  f = 0
  zc = 3  zm = 9  zs = 1  f = 0
  zc = 3  zm = 8  zs = 1  f = 0
  zc = 3  zm = 7  zs = 1  f = 0
  zc = 3  zm = 6  zs = 1  f = 0
  zc = 3  zm = 5  zs = 1  f = 0
  zc = 3  zm = 4  zs = 1  f = 0
  zc = 3  zm = 3  zs = 1  f = 0
  zc = 3  zm = 2  zs = 1  f = 0
  zc = 3  zm = 1  zs = 1  f = 0
  zc = 2  zm = 9  zs = 1  f = 0
  zc = 2  zm = 8  zs = 1  f = 0
  zc = 2  zm = 7  zs = 1  f = 0
  zc = 2  zm = 6  zs = 1  f = 0
  zc = 2  zm = 5  zs = 1  f = 0
  zc = 2  zm = 4  zs = 1  f = 0
  zc = 2  zm = 3  zs = 1  f = 0
  zc = 2  zm = 2  zs = 1  f = 0
  zc = 2  zm = 1  zs = 1  f = 0
  zc = 1  zm = 9  zs = 1  f = 0
  zc = 1  zm = 8  zs = 1  f = 0
  zc = 1  zm = 7  zs = 1  f = 0
  zc = 1  zm = 6  zs = 1  f = 0
  zc = 1  zm = 5  zs = 1  f = 0
  zc = 1  zm = 4  zs = 1  f = 0
  zc = 1  zm = 3  zs = 1  f = 0
  zc = 1  zm = 2  zs = 1  f = 0
  zc = 1  zm = 1  zs = 1  f = 0
  zc = 1  zm = 9  zs = 2  f = 0
  zc = 1  zm = 8  zs = 2  f = 0
  zc = 1  zm = 7  zs = 2  f = 0
  zc = 1  zm = 6  zs = 2  f = 0
  zc = 1  zm = 5  zs = 2  f = 0
  zc = 1  zm = 4  zs = 2  f = 0
  zc = 1  zm = 3  zs = 2  f = 0
  zc = 1  zm = 2  zs = 2  f = 0
  zc = 1  zm = 1  zs = 2  f = 0
  zc = 9  zm = 9  zs = 3  f = 0
  zc = 9  zm = 8  zs = 3  f = 0
  zc = 9  zm = 7  zs = 3  f = 0
  zc = 9  zm = 6  zs = 3  f = 0
  zc = 9  zm = 5  zs = 3  f = 0
  zc = 9  zm = 4  zs = 3  f = 0
  zc = 9  zm = 3  zs = 3  f = 0
  zc = 9  zm = 2  zs = 3  f = 0
  zc = 9  zm = 1  zs = 3  f = 0
  zc = 9  zm = 9  zs = 0  f = 1
  zc = 9  zm = 8  zs = 0  f = 1
  zc = 9  zm = 7  zs = 0  f = 1
  zc = 9  zm = 6  zs = 0  f = 1
  zc = 9  zm = 5  zs = 0  f = 1
  zc = 9  zm = 4  zs = 0  f = 1
  zc = 9  zm = 3  zs = 0  f = 1
  zc = 9  zm = 2  zs = 0  f = 1
  zc = 9  zm = 1  zs = 0  f = 1
  zc = 8  zm = 9  zs = 0  f = 1
  zc = 8  zm = 8  zs = 0  f = 1
  zc = 8  zm = 7  zs = 0  f = 1
  zc = 8  zm = 6  zs = 0  f = 1
  zc = 8  zm = 5  zs = 0  f = 1
  zc = 8  zm = 4  zs = 0  f = 1
  zc = 8  zm = 3  zs = 0  f = 1
  zc = 8  zm = 2  zs = 0  f = 1
  zc = 8  zm = 1  zs = 0  f = 1
  zc = 7  zm = 9  zs = 0  f = 1
  zc = 7  zm = 8  zs = 0  f = 1
  zc = 7  zm = 7  zs = 0  f = 1
  zc = 7  zm = 6  zs = 0  f = 1
  zc = 7  zm = 5  zs = 0  f = 1
  zc = 7  zm = 4  zs = 0  f = 1
  zc = 7  zm = 3  zs = 0  f = 1
  zc = 7  zm = 2  zs = 0  f = 1
  zc = 7  zm = 1  zs = 0  f = 1
  zc = 6  zm = 9  zs = 0  f = 1
  zc = 6  zm = 8  zs = 0  f = 1
  zc = 6  zm = 7  zs = 0  f = 1
  zc = 6  zm = 6  zs = 0  f = 1
  zc = 6  zm = 5  zs = 0  f = 1
  zc = 6  zm = 4  zs = 0  f = 1
  zc = 6  zm = 3  zs = 0  f = 1
  zc = 6  zm = 2  zs = 0  f = 1
  zc = 6  zm = 1  zs = 0  f = 1
  zc = 5  zm = 9  zs = 0  f = 1
  zc = 5  zm = 8  zs = 0  f = 1
  zc = 5  zm = 7  zs = 0  f = 1
  zc = 5  zm = 6  zs = 0  f = 1
  zc = 5  zm = 5  zs = 0  f = 1
  zc = 5  zm = 4  zs = 0  f = 1
  zc = 5  zm = 3  zs = 0  f = 1
  zc = 5  zm = 2  zs = 0  f = 1
  zc = 5  zm = 1  zs = 0  f = 1
  zc = 4  zm = 9  zs = 0  f = 1
  zc = 4  zm = 8  zs = 0  f = 1
  zc = 4  zm = 7  zs = 0  f = 1
  zc = 4  zm = 6  zs = 0  f = 1
  zc = 4  zm = 5  zs = 0  f = 1
  zc = 4  zm = 4  zs = 0  f = 1
  zc = 4  zm = 3  zs = 0  f = 1
  zc = 4  zm = 2  zs = 0  f = 1
  zc = 4  zm = 1  zs = 0  f = 1
  zc = 3  zm = 9  zs = 0  f = 1
  zc = 3  zm = 8  zs = 0  f = 1
  zc = 3  zm = 7  zs = 0  f = 1
  zc = 3  zm = 6  zs = 0  f = 1
  zc = 3  zm = 5  zs = 0  f = 1
  zc = 3  zm = 4  zs = 0  f = 1
  zc = 3  zm = 3  zs = 0  f = 1
  zc = 3  zm = 2  zs = 0  f = 1
  zc = 3  zm = 1  zs = 0  f = 1
  zc = 2  zm = 9  zs = 0  f = 1
  zc = 2  zm = 8  zs = 0  f = 1
  zc = 2  zm = 7  zs = 0  f = 1
  zc = 2  zm = 6  zs = 0  f = 1
  zc = 2  zm = 5  zs = 0  f = 1
  zc = 2  zm = 4  zs = 0  f = 1
  zc = 2  zm = 3  zs = 0  f = 1
  zc = 2  zm = 2  zs = 0  f = 1
  zc = 2  zm = 1  zs = 0  f = 1
  zc = 1  zm = 9  zs = 0  f = 1
  zc = 1  zm = 8  zs = 0  f = 1
  zc = 1  zm = 7  zs = 0  f = 1
  zc = 1  zm = 6  zs = 0  f = 1
  zc = 1  zm = 5  zs = 0  f = 1
  zc = 1  zm = 4  zs = 0  f = 1
  zc = 1  zm = 3  zs = 0  f = 1
  zc = 1  zm = 2  zs = 0  f = 1
  zc = 1  zm = 1  zs = 0  f = 1
  zc = 9  zm = 9  zs = 1  f = 1
  zc = 9  zm = 8  zs = 1  f = 1
  zc = 9  zm = 7  zs = 1  f = 1
  zc = 9  zm = 6  zs = 1  f = 1
  zc = 9  zm = 5  zs = 1  f = 1
  zc = 9  zm = 4  zs = 1  f = 1
  zc = 9  zm = 3  zs = 1  f = 1
  zc = 9  zm = 2  zs = 1  f = 1
  zc = 9  zm = 1  zs = 1  f = 1
  zc = 8  zm = 9  zs = 1  f = 1
  zc = 8  zm = 8  zs = 1  f = 1
  zc = 8  zm = 7  zs = 1  f = 1
  zc = 8  zm = 6  zs = 1  f = 1
  zc = 8  zm = 5  zs = 1  f = 1
  zc = 8  zm = 4  zs = 1  f = 1
  zc = 8  zm = 3  zs = 1  f = 1
  zc = 8  zm = 2  zs = 1  f = 1
  zc = 8  zm = 1  zs = 1  f = 1
  zc = 7  zm = 9  zs = 1  f = 1
  zc = 7  zm = 8  zs = 1  f = 1
  zc = 7  zm = 7  zs = 1  f = 1
  zc = 7  zm = 6  zs = 1  f = 1
  zc = 7  zm = 5  zs = 1  f = 1
  zc = 7  zm = 4  zs = 1  f = 1
  zc = 7  zm = 3  zs = 1  f = 1
  zc = 7  zm = 2  zs = 1  f = 1
  zc = 7  zm = 1  zs = 1  f = 1
  zc = 6  zm = 9  zs = 1  f = 1
  zc = 6  zm = 8  zs = 1  f = 1
  zc = 6  zm = 7  zs = 1  f = 1
  zc = 6  zm = 6  zs = 1  f = 1
  zc = 6  zm = 5  zs = 1  f = 1
  zc = 6  zm = 4  zs = 1  f = 1
  zc = 6  zm = 3  zs = 1  f = 1
  zc = 6  zm = 2  zs = 1  f = 1
  zc = 6  zm = 1  zs = 1  f = 1
  zc = 5  zm = 9  zs = 1  f = 1
  zc = 5  zm = 8  zs = 1  f = 1
  zc = 5  zm = 7  zs = 1  f = 1
  zc = 5  zm = 6  zs = 1  f = 1
  zc = 5  zm = 5  zs = 1  f = 1
  zc = 5  zm = 4  zs = 1  f = 1
  zc = 5  zm = 3  zs = 1  f = 1
  zc = 5  zm = 2  zs = 1  f = 1
  zc = 5  zm = 1  zs = 1  f = 1
  zc = 4  zm = 9  zs = 1  f = 1
  zc = 4  zm = 8  zs = 1  f = 1
  zc = 4  zm = 7  zs = 1  f = 1
  zc = 4  zm = 6  zs = 1  f = 1
  zc = 4  zm = 5  zs = 1  f = 1
  zc = 4  zm = 4  zs = 1  f = 1
  zc = 4  zm = 3  zs = 1  f = 1
  zc = 4  zm = 2  zs = 1  f = 1
  zc = 4  zm = 1  zs = 1  f = 1
  zc = 3  zm = 9  zs = 1  f = 1
  zc = 3  zm = 8  zs = 1  f = 1
  zc = 3  zm = 7  zs = 1  f = 1
  zc = 3  zm = 6  zs = 1  f = 1
  zc = 3  zm = 5  zs = 1  f = 1
  zc = 3  zm = 4  zs = 1  f = 1
  zc = 3  zm = 3  zs = 1  f = 1
  zc = 3  zm = 2  zs = 1  f = 1
  zc = 3  zm = 1  zs = 1  f = 1
  zc = 2  zm = 9  zs = 1  f = 1
  zc = 2  zm = 8  zs = 1  f = 1
  zc = 2  zm = 7  zs = 1  f = 1
  zc = 2  zm = 6  zs = 1  f = 1
  zc = 2  zm = 5  zs = 1  f = 1
  zc = 2  zm = 4  zs = 1  f = 1
  zc = 2  zm = 3  zs = 1  f = 1
  zc = 2  zm = 2  zs = 1  f = 1
  zc = 2  zm = 1  zs = 1  f = 1
  zc = 1  zm = 9  zs = 1  f = 1
  zc = 1  zm = 8  zs = 1  f = 1
  zc = 1  zm = 7  zs = 1  f = 1
  zc = 1  zm = 6  zs = 1  f = 1
  zc = 1  zm = 5  zs = 1  f = 1
  zc = 1  zm = 4  zs = 1  f = 1
  zc = 1  zm = 3  zs = 1  f = 1
  zc = 1  zm = 2  zs = 1  f = 1
  zc = 1  zm = 1  zs = 1  f = 1
  zc = 1  zm = 9  zs = 2  f = 1
  zc = 1  zm = 8  zs = 2  f = 1
  zc = 1  zm = 7  zs = 2  f = 1
  zc = 1  zm = 6  zs = 2  f = 1
  zc = 1  zm = 5  zs = 2  f = 1
  zc = 1  zm = 4  zs = 2  f = 1
  zc = 1  zm = 3  zs = 2  f = 1
  zc = 1  zm = 2  zs = 2  f = 1
  zc = 1  zm = 1  zs = 2  f = 1
  zc = 9  zm = 9  zs = 3  f = 1
  zc = 9  zm = 8  zs = 3  f = 1
  zc = 9  zm = 7  zs = 3  f = 1
  zc = 9  zm = 6  zs = 3  f = 1
  zc = 9  zm = 5  zs = 3  f = 1
  zc = 9  zm = 4  zs = 3  f = 1
  zc = 9  zm = 3  zs = 3  f = 1
  zc = 9  zm = 2  zs = 3  f = 1
  zc = 9  zm = 1  zs = 3  f = 1
  zc = 9  zm = 9  zs = 0  f = 2
  zc = 9  zm = 8  zs = 0  f = 2
  zc = 9  zm = 7  zs = 0  f = 2
  zc = 9  zm = 6  zs = 0  f = 2
  zc = 9  zm = 5  zs = 0  f = 2
  zc = 9  zm = 4  zs = 0  f = 2
  zc = 9  zm = 3  zs = 0  f = 2
  zc = 9  zm = 2  zs = 0  f = 2
  zc = 9  zm = 1  zs = 0  f = 2
  zc = 8  zm = 9  zs = 0  f = 2
  zc = 8  zm = 8  zs = 0  f = 2
  zc = 8  zm = 7  zs = 0  f = 2
  zc = 8  zm = 6  zs = 0  f = 2
  zc = 8  zm = 5  zs = 0  f = 2
  zc = 8  zm = 4  zs = 0  f = 2
  zc = 8  zm = 3  zs = 0  f = 2
  zc = 8  zm = 2  zs = 0  f = 2
  zc = 8  zm = 1  zs = 0  f = 2
  zc = 7  zm = 9  zs = 0  f = 2
  zc = 7  zm = 8  zs = 0  f = 2
  zc = 7  zm = 7  zs = 0  f = 2
  zc = 7  zm = 6  zs = 0  f = 2
  zc = 7  zm = 5  zs = 0  f = 2
  zc = 7  zm = 4  zs = 0  f = 2
  zc = 7  zm = 3  zs = 0  f = 2
  zc = 7  zm = 2  zs = 0  f = 2
  zc = 7  zm = 1  zs = 0  f = 2
  zc = 6  zm = 9  zs = 0  f = 2
  zc = 6  zm = 8  zs = 0  f = 2
  zc = 6  zm = 7  zs = 0  f = 2
  zc = 6  zm = 6  zs = 0  f = 2
  zc = 6  zm = 5  zs = 0  f = 2
  zc = 6  zm = 4  zs = 0  f = 2
  zc = 6  zm = 3  zs = 0  f = 2
  zc = 6  zm = 2  zs = 0  f = 2
  zc = 6  zm = 1  zs = 0  f = 2
  zc = 5  zm = 9  zs = 0  f = 2
  zc = 5  zm = 8  zs = 0  f = 2
  zc = 5  zm = 7  zs = 0  f = 2
  zc = 5  zm = 6  zs = 0  f = 2
  zc = 5  zm = 5  zs = 0  f = 2
  zc = 5  zm = 4  zs = 0  f = 2
  zc = 5  zm = 3  zs = 0  f = 2
  zc = 5  zm = 2  zs = 0  f = 2
  zc = 5  zm = 1  zs = 0  f = 2
  zc = 4  zm = 9  zs = 0  f = 2
  zc = 4  zm = 8  zs = 0  f = 2
  zc = 4  zm = 7  zs = 0  f = 2
  zc = 4  zm = 6  zs = 0  f = 2
  zc = 4  zm = 5  zs = 0  f = 2
  zc = 4  zm = 4  zs = 0  f = 2
  zc = 4  zm = 3  zs = 0  f = 2
  zc = 4  zm = 2  zs = 0  f = 2
  zc = 4  zm = 1  zs = 0  f = 2
  zc = 3  zm = 9  zs = 0  f = 2
  zc = 3  zm = 8  zs = 0  f = 2
  zc = 3  zm = 7  zs = 0  f = 2
  zc = 3  zm = 6  zs = 0  f = 2
  zc = 3  zm = 5  zs = 0  f = 2
  zc = 3  zm = 4  zs = 0  f = 2
  zc = 3  zm = 3  zs = 0  f = 2
  zc = 3  zm = 2  zs = 0  f = 2
  zc = 3  zm = 1  zs = 0  f = 2
  zc = 2  zm = 9  zs = 0  f = 2
  zc = 2  zm = 8  zs = 0  f = 2
  zc = 2  zm = 7  zs = 0  f = 2
  zc = 2  zm = 6  zs = 0  f = 2
  zc = 2  zm = 5  zs = 0  f = 2
  zc = 2  zm = 4  zs = 0  f = 2
  zc = 2  zm = 3  zs = 0  f = 2
  zc = 2  zm = 2  zs = 0  f = 2
  zc = 2  zm = 1  zs = 0  f = 2
  zc = 1  zm = 9  zs = 0  f = 2
  zc = 1  zm = 8  zs = 0  f = 2
  zc = 1  zm = 7  zs = 0  f = 2
  zc = 1  zm = 6  zs = 0  f = 2
  zc = 1  zm = 5  zs = 0  f = 2
  zc = 1  zm = 4  zs = 0  f = 2
  zc = 1  zm = 3  zs = 0  f = 2
  zc = 1  zm = 2  zs = 0  f = 2
  zc = 1  zm = 1  zs = 0  f = 2
  zc = 9  zm = 9  zs = 1  f = 2
  zc = 9  zm = 8  zs = 1  f = 2
  zc = 9  zm = 7  zs = 1  f = 2
  zc = 9  zm = 6  zs = 1  f = 2
  zc = 9  zm = 5  zs = 1  f = 2
  zc = 9  zm = 4  zs = 1  f = 2
  zc = 9  zm = 3  zs = 1  f = 2
  zc = 9  zm = 2  zs = 1  f = 2
  zc = 9  zm = 1  zs = 1  f = 2
  zc = 8  zm = 9  zs = 1  f = 2
  zc = 8  zm = 8  zs = 1  f = 2
  zc = 8  zm = 7  zs = 1  f = 2
  zc = 8  zm = 6  zs = 1  f = 2
  zc = 8  zm = 5  zs = 1  f = 2
  zc = 8  zm = 4  zs = 1  f = 2
  zc = 8  zm = 3  zs = 1  f = 2
  zc = 8  zm = 2  zs = 1  f = 2
  zc = 8  zm = 1  zs = 1  f = 2
  zc = 7  zm = 9  zs = 1  f = 2
  zc = 7  zm = 8  zs = 1  f = 2
  zc = 7  zm = 7  zs = 1  f = 2
  zc = 7  zm = 6  zs = 1  f = 2
  zc = 7  zm = 5  zs = 1  f = 2
  zc = 7  zm = 4  zs = 1  f = 2
  zc = 7  zm = 3  zs = 1  f = 2
  zc = 7  zm = 2  zs = 1  f = 2
  zc = 7  zm = 1  zs = 1  f = 2
  zc = 6  zm = 9  zs = 1  f = 2
  zc = 6  zm = 8  zs = 1  f = 2
  zc = 6  zm = 7  zs = 1  f = 2
  zc = 6  zm = 6  zs = 1  f = 2
  zc = 6  zm = 5  zs = 1  f = 2
  zc = 6  zm = 4  zs = 1  f = 2
  zc = 6  zm = 3  zs = 1  f = 2
  zc = 6  zm = 2  zs = 1  f = 2
  zc = 6  zm = 1  zs = 1  f = 2
  zc = 5  zm = 9  zs = 1  f = 2
  zc = 5  zm = 8  zs = 1  f = 2
  zc = 5  zm = 7  zs = 1  f = 2
  zc = 5  zm = 6  zs = 1  f = 2
  zc = 5  zm = 5  zs = 1  f = 2
  zc = 5  zm = 4  zs = 1  f = 2
  zc = 5  zm = 3  zs = 1  f = 2
  zc = 5  zm = 2  zs = 1  f = 2
  zc = 5  zm = 1  zs = 1  f = 2
  zc = 4  zm = 9  zs = 1  f = 2
  zc = 4  zm = 8  zs = 1  f = 2
  zc = 4  zm = 7  zs = 1  f = 2
  zc = 4  zm = 6  zs = 1  f = 2
  zc = 4  zm = 5  zs = 1  f = 2
  zc = 4  zm = 4  zs = 1  f = 2
  zc = 4  zm = 3  zs = 1  f = 2
  zc = 4  zm = 2  zs = 1  f = 2
  zc = 4  zm = 1  zs = 1  f = 2
  zc = 3  zm = 9  zs = 1  f = 2
  zc = 3  zm = 8  zs = 1  f = 2
  zc = 3  zm = 7  zs = 1  f = 2
  zc = 3  zm = 6  zs = 1  f = 2
  zc = 3  zm = 5  zs = 1  f = 2
  zc = 3  zm = 4  zs = 1  f = 2
  zc = 3  zm = 3  zs = 1  f = 2
  zc = 3  zm = 2  zs = 1  f = 2
  zc = 3  zm = 1  zs = 1  f = 2
  zc = 2  zm = 9  zs = 1  f = 2
  zc = 2  zm = 8  zs = 1  f = 2
  zc = 2  zm = 7  zs = 1  f = 2
  zc = 2  zm = 6  zs = 1  f = 2
  zc = 2  zm = 5  zs = 1  f = 2
  zc = 2  zm = 4  zs = 1  f = 2
  zc = 2  zm = 3  zs = 1  f = 2
  zc = 2  zm = 2  zs = 1  f = 2
  zc = 2  zm = 1  zs = 1  f = 2
  zc = 1  zm = 9  zs = 1  f = 2
  zc = 1  zm = 8  zs = 1  f = 2
  zc = 1  zm = 7  zs = 1  f = 2
  zc = 1  zm = 6  zs = 1  f = 2
  zc = 1  zm = 5  zs = 1  f = 2
  zc = 1  zm = 4  zs = 1  f = 2
  zc = 1  zm = 3  zs = 1  f = 2
  zc = 1  zm = 2  zs = 1  f = 2
  zc = 1  zm = 1  zs = 1  f = 2
  zc = 1  zm = 9  zs = 2  f = 2
  zc = 1  zm = 8  zs = 2  f = 2
  zc = 1  zm = 7  zs = 2  f = 2
  zc = 1  zm = 6  zs = 2  f = 2
  zc = 1  zm = 5  zs = 2  f = 2
  zc = 1  zm = 4  zs = 2  f = 2
  zc = 1  zm = 3  zs = 2  f = 2
  zc = 1  zm = 2  zs = 2  f = 2
  zc = 1  zm = 1  zs = 2  f = 2
  zc = 9  zm = 9  zs = 3  f = 2
  zc = 9  zm = 8  zs = 3  f = 2
  zc = 9  zm = 7  zs = 3  f = 2
  zc = 9  zm = 6  zs = 3  f = 2
  zc = 9  zm = 5  zs = 3  f = 2
  zc = 9  zm = 4  zs = 3  f = 2
  zc = 9  zm = 3  zs = 3  f = 2
  zc = 9  zm = 2  zs = 3  f = 2
  zc = 9  zm = 1  zs = 3  f = 2
  zc = 9  zm = 9  zs = 0  f = 3
  zc = 9  zm = 8  zs = 0  f = 3
  zc = 9  zm = 7  zs = 0  f = 3
  zc = 9  zm = 6  zs = 0  f = 3
  zc = 9  zm = 5  zs = 0  f = 3
  zc = 9  zm = 4  zs = 0  f = 3
  zc = 9  zm = 3  zs = 0  f = 3
  zc = 9  zm = 2  zs = 0  f = 3
  zc = 9  zm = 1  zs = 0  f = 3
  zc = 8  zm = 9  zs = 0  f = 3
  zc = 8  zm = 8  zs = 0  f = 3
  zc = 8  zm = 7  zs = 0  f = 3
  zc = 8  zm = 6  zs = 0  f = 3
  zc = 8  zm = 5  zs = 0  f = 3
  zc = 8  zm = 4  zs = 0  f = 3
  zc = 8  zm = 3  zs = 0  f = 3
  zc = 8  zm = 2  zs = 0  f = 3
  zc = 8  zm = 1  zs = 0  f = 3
  zc = 7  zm = 9  zs = 0  f = 3
  zc = 7  zm = 8  zs = 0  f = 3
  zc = 7  zm = 7  zs = 0  f = 3
  zc = 7  zm = 6  zs = 0  f = 3
  zc = 7  zm = 5  zs = 0  f = 3
  zc = 7  zm = 4  zs = 0  f = 3
  zc = 7  zm = 3  zs = 0  f = 3
  zc = 7  zm = 2  zs = 0  f = 3
  zc = 7  zm = 1  zs = 0  f = 3
  zc = 6  zm = 9  zs = 0  f = 3
  zc = 6  zm = 8  zs = 0  f = 3
  zc = 6  zm = 7  zs = 0  f = 3
  zc = 6  zm = 6  zs = 0  f = 3
  zc = 6  zm = 5  zs = 0  f = 3
  zc = 6  zm = 4  zs = 0  f = 3
  zc = 6  zm = 3  zs = 0  f = 3
  zc = 6  zm = 2  zs = 0  f = 3
  zc = 6  zm = 1  zs = 0  f = 3
  zc = 5  zm = 9  zs = 0  f = 3
  zc = 5  zm = 8  zs = 0  f = 3
  zc = 5  zm = 7  zs = 0  f = 3
  zc = 5  zm = 6  zs = 0  f = 3
  zc = 5  zm = 5  zs = 0  f = 3
  zc = 5  zm = 4  zs = 0  f = 3
  zc = 5  zm = 3  zs = 0  f = 3
  zc = 5  zm = 2  zs = 0  f = 3
  zc = 5  zm = 1  zs = 0  f = 3
  zc = 4  zm = 9  zs = 0  f = 3
  zc = 4  zm = 8  zs = 0  f = 3
  zc = 4  zm = 7  zs = 0  f = 3
  zc = 4  zm = 6  zs = 0  f = 3
  zc = 4  zm = 5  zs = 0  f = 3
  zc = 4  zm = 4  zs = 0  f = 3
  zc = 4  zm = 3  zs = 0  f = 3
  zc = 4  zm = 2  zs = 0  f = 3
  zc = 4  zm = 1  zs = 0  f = 3
  zc = 3  zm = 9  zs = 0  f = 3
  zc = 3  zm = 8  zs = 0  f = 3
  zc = 3  zm = 7  zs = 0  f = 3
  zc = 3  zm = 6  zs = 0  f = 3
  zc = 3  zm = 5  zs = 0  f = 3
  zc = 3  zm = 4  zs = 0  f = 3
  zc = 3  zm = 3  zs = 0  f = 3
  zc = 3  zm = 2  zs = 0  f = 3
  zc = 3  zm = 1  zs = 0  f = 3
  zc = 2  zm = 9  zs = 0  f = 3
  zc = 2  zm = 8  zs = 0  f = 3
  zc = 2  zm = 7  zs = 0  f = 3
  zc = 2  zm = 6  zs = 0  f = 3
  zc = 2  zm = 5  zs = 0  f = 3
  zc = 2  zm = 4  zs = 0  f = 3
  zc = 2  zm = 3  zs = 0  f = 3
  zc = 2  zm = 2  zs = 0  f = 3
  zc = 2  zm = 1  zs = 0  f = 3
  zc = 1  zm = 9  zs = 0  f = 3
  zc = 1  zm = 8  zs = 0  f = 3
  zc = 1  zm = 7  zs = 0  f = 3
  zc = 1  zm = 6  zs = 0  f = 3
  zc = 1  zm = 5  zs = 0  f = 3
  zc = 1  zm = 4  zs = 0  f = 3
  zc = 1  zm = 3  zs = 0  f = 3
  zc = 1  zm = 2  zs = 0  f = 3
  zc = 1  zm = 1  zs = 0  f = 3
  zc = 9  zm = 9  zs = 1  f = 3
  zc = 9  zm = 8  zs = 1  f = 3
  zc = 9  zm = 7  zs = 1  f = 3
  zc = 9  zm = 6  zs = 1  f = 3
  zc = 9  zm = 5  zs = 1  f = 3
  zc = 9  zm = 4  zs = 1  f = 3
  zc = 9  zm = 3  zs = 1  f = 3
  zc = 9  zm = 2  zs = 1  f = 3
  zc = 9  zm = 1  zs = 1  f = 3
  zc = 8  zm = 9  zs = 1  f = 3
  zc = 8  zm = 8  zs = 1  f = 3
  zc = 8  zm = 7  zs = 1  f = 3
  zc = 8  zm = 6  zs = 1  f = 3
  zc = 8  zm = 5  zs = 1  f = 3
  zc = 8  zm = 4  zs = 1  f = 3
  zc = 8  zm = 3  zs = 1  f = 3
  zc = 8  zm = 2  zs = 1  f = 3
  zc = 8  zm = 1  zs = 1  f = 3
  zc = 7  zm = 9  zs = 1  f = 3
  zc = 7  zm = 8  zs = 1  f = 3
  zc = 7  zm = 7  zs = 1  f = 3
  zc = 7  zm = 6  zs = 1  f = 3
  zc = 7  zm = 5  zs = 1  f = 3
  zc = 7  zm = 4  zs = 1  f = 3
  zc = 7  zm = 3  zs = 1  f = 3
  zc = 7  zm = 2  zs = 1  f = 3
  zc = 7  zm = 1  zs = 1  f = 3
  zc = 6  zm = 9  zs = 1  f = 3
  zc = 6  zm = 8  zs = 1  f = 3
  zc = 6  zm = 7  zs = 1  f = 3
  zc = 6  zm = 6  zs = 1  f = 3
  zc = 6  zm = 5  zs = 1  f = 3
  zc = 6  zm = 4  zs = 1  f = 3
  zc = 6  zm = 3  zs = 1  f = 3
  zc = 6  zm = 2  zs = 1  f = 3
  zc = 6  zm = 1  zs = 1  f = 3
  zc = 5  zm = 9  zs = 1  f = 3
  zc = 5  zm = 8  zs = 1  f = 3
  zc = 5  zm = 7  zs = 1  f = 3
  zc = 5  zm = 6  zs = 1  f = 3
  zc = 5  zm = 5  zs = 1  f = 3
  zc = 5  zm = 4  zs = 1  f = 3
  zc = 5  zm = 3  zs = 1  f = 3
  zc = 5  zm = 2  zs = 1  f = 3
  zc = 5  zm = 1  zs = 1  f = 3
  zc = 4  zm = 9  zs = 1  f = 3
  zc = 4  zm = 8  zs = 1  f = 3
  zc = 4  zm = 7  zs = 1  f = 3
  zc = 4  zm = 6  zs = 1  f = 3
  zc = 4  zm = 5  zs = 1  f = 3
  zc = 4  zm = 4  zs = 1  f = 3
  zc = 4  zm = 3  zs = 1  f = 3
  zc = 4  zm = 2  zs = 1  f = 3
  zc = 4  zm = 1  zs = 1  f = 3
  zc = 3  zm = 9  zs = 1  f = 3
  zc = 3  zm = 8  zs = 1  f = 3
  zc = 3  zm = 7  zs = 1  f = 3
  zc = 3  zm = 6  zs = 1  f = 3
  zc = 3  zm = 5  zs = 1  f = 3
  zc = 3  zm = 4  zs = 1  f = 3
  zc = 3  zm = 3  zs = 1  f = 3
  zc = 3  zm = 2  zs = 1  f = 3
  zc = 3  zm = 1  zs = 1  f = 3
  zc = 2  zm = 9  zs = 1  f = 3
  zc = 2  zm = 8  zs = 1  f = 3
  zc = 2  zm = 7  zs = 1  f = 3
  zc = 2  zm = 6  zs = 1  f = 3
  zc = 2  zm = 5  zs = 1  f = 3
  zc = 2  zm = 4  zs = 1  f = 3
  zc = 2  zm = 3  zs = 1  f = 3
  zc = 2  zm = 2  zs = 1  f = 3
  zc = 2  zm = 1  zs = 1  f = 3
  zc = 1  zm = 9  zs = 1  f = 3
  zc = 1  zm = 8  zs = 1  f = 3
  zc = 1  zm = 7  zs = 1  f = 3
  zc = 1  zm = 6  zs = 1  f = 3
  zc = 1  zm = 5  zs = 1  f = 3
  zc = 1  zm = 4  zs = 1  f = 3
  zc = 1  zm = 3  zs = 1  f = 3
  zc = 1  zm = 2  zs = 1  f = 3
  zc = 1  zm = 1  zs = 1  f = 3
  zc = 1  zm = 9  zs = 2  f = 3
  zc = 1  zm = 8  zs = 2  f = 3
  zc = 1  zm = 7  zs = 2  f = 3
  zc = 1  zm = 6  zs = 2  f = 3
  zc = 1  zm = 5  zs = 2  f = 3
  zc = 1  zm = 4  zs = 2  f = 3
  zc = 1  zm = 3  zs = 2  f = 3
  zc = 1  zm = 2  zs = 2  f = 3
  zc = 1  zm = 1  zs = 2  f = 3
  zc = 9  zm = 9  zs = 3  f = 3
  zc = 9  zm = 8  zs = 3  f = 3
  zc = 9  zm = 7  zs = 3  f = 3
  zc = 9  zm = 6  zs = 3  f = 3
  zc = 9  zm = 5  zs = 3  f = 3
  zc = 9  zm = 4  zs = 3  f = 3
  zc = 9  zm = 3  zs = 3  f = 3
  zc = 9  zm = 2  zs = 3  f = 3
  zc = 9  zm = 1  zs = 3  f = 3
  zc = 9  zm = 9  zs = 0  f = 4
  zc = 9  zm = 8  zs = 0  f = 4
  zc = 9  zm = 7  zs = 0  f = 4
  zc = 9  zm = 6  zs = 0  f = 4
  zc = 9  zm = 5  zs = 0  f = 4
  zc = 9  zm = 4  zs = 0  f = 4
  zc = 9  zm = 3  zs = 0  f = 4
  zc = 9  zm = 2  zs = 0  f = 4
  zc = 9  zm = 1  zs = 0  f = 4
  zc = 8  zm = 9  zs = 0  f = 4
  zc = 8  zm = 8  zs = 0  f = 4
  zc = 8  zm = 7  zs = 0  f = 4
  zc = 8  zm = 6  zs = 0  f = 4
  zc = 8  zm = 5  zs = 0  f = 4
  zc = 8  zm = 4  zs = 0  f = 4
  zc = 8  zm = 3  zs = 0  f = 4
  zc = 8  zm = 2  zs = 0  f = 4
  zc = 8  zm = 1  zs = 0  f = 4
  zc = 7  zm = 9  zs = 0  f = 4
  zc = 7  zm = 8  zs = 0  f = 4
  zc = 7  zm = 7  zs = 0  f = 4
  zc = 7  zm = 6  zs = 0  f = 4
  zc = 7  zm = 5  zs = 0  f = 4
  zc = 7  zm = 4  zs = 0  f = 4
  zc = 7  zm = 3  zs = 0  f = 4
  zc = 7  zm = 2  zs = 0  f = 4
  zc = 7  zm = 1  zs = 0  f = 4
  zc = 6  zm = 9  zs = 0  f = 4
  zc = 6  zm = 8  zs = 0  f = 4
  zc = 6  zm = 7  zs = 0  f = 4
  zc = 6  zm = 6  zs = 0  f = 4
  zc = 6  zm = 5  zs = 0  f = 4
  zc = 6  zm = 4  zs = 0  f = 4
  zc = 6  zm = 3  zs = 0  f = 4
  zc = 6  zm = 2  zs = 0  f = 4
  zc = 6  zm = 1  zs = 0  f = 4
  zc = 5  zm = 9  zs = 0  f = 4
  zc = 5  zm = 8  zs = 0  f = 4
  zc = 5  zm = 7  zs = 0  f = 4
  zc = 5  zm = 6  zs = 0  f = 4
  zc = 5  zm = 5  zs = 0  f = 4
  zc = 5  zm = 4  zs = 0  f = 4
  zc = 5  zm = 3  zs = 0  f = 4
  zc = 5  zm = 2  zs = 0  f = 4
  zc = 5  zm = 1  zs = 0  f = 4
  zc = 4  zm = 9  zs = 0  f = 4
  zc = 4  zm = 8  zs = 0  f = 4
  zc = 4  zm = 7  zs = 0  f = 4
  zc = 4  zm = 6  zs = 0  f = 4
  zc = 4  zm = 5  zs = 0  f = 4
  zc = 4  zm = 4  zs = 0  f = 4
  zc = 4  zm = 3  zs = 0  f = 4
  zc = 4  zm = 2  zs = 0  f = 4
  zc = 4  zm = 1  zs = 0  f = 4
  zc = 3  zm = 9  zs = 0  f = 4
  zc = 3  zm = 8  zs = 0  f = 4
  zc = 3  zm = 7  zs = 0  f = 4
  zc = 3  zm = 6  zs = 0  f = 4
  zc = 3  zm = 5  zs = 0  f = 4
  zc = 3  zm = 4  zs = 0  f = 4
  zc = 3  zm = 3  zs = 0  f = 4
  zc = 3  zm = 2  zs = 0  f = 4
  zc = 3  zm = 1  zs = 0  f = 4
  zc = 2  zm = 9  zs = 0  f = 4
  zc = 2  zm = 8  zs = 0  f = 4
  zc = 2  zm = 7  zs = 0  f = 4
  zc = 2  zm = 6  zs = 0  f = 4
  zc = 2  zm = 5  zs = 0  f = 4
  zc = 2  zm = 4  zs = 0  f = 4
  zc = 2  zm = 3  zs = 0  f = 4
  zc = 2  zm = 2  zs = 0  f = 4
  zc = 2  zm = 1  zs = 0  f = 4
  zc = 1  zm = 9  zs = 0  f = 4
  zc = 1  zm = 8  zs = 0  f = 4
  zc = 1  zm = 7  zs = 0  f = 4
  zc = 1  zm = 6  zs = 0  f = 4
  zc = 1  zm = 5  zs = 0  f = 4
  zc = 1  zm = 4  zs = 0  f = 4
  zc = 1  zm = 3  zs = 0  f = 4
  zc = 1  zm = 2  zs = 0  f = 4
  zc = 1  zm = 1  zs = 0  f = 4
  zc = 9  zm = 9  zs = 1  f = 4
  zc = 9  zm = 8  zs = 1  f = 4
  zc = 9  zm = 7  zs = 1  f = 4
  zc = 9  zm = 6  zs = 1  f = 4
  zc = 9  zm = 5  zs = 1  f = 4
  zc = 9  zm = 4  zs = 1  f = 4
  zc = 9  zm = 3  zs = 1  f = 4
  zc = 9  zm = 2  zs = 1  f = 4
  zc = 9  zm = 1  zs = 1  f = 4
  zc = 8  zm = 9  zs = 1  f = 4
  zc = 8  zm = 8  zs = 1  f = 4
  zc = 8  zm = 7  zs = 1  f = 4
  zc = 8  zm = 6  zs = 1  f = 4
  zc = 8  zm = 5  zs = 1  f = 4
  zc = 8  zm = 4  zs = 1  f = 4
  zc = 8  zm = 3  zs = 1  f = 4
  zc = 8  zm = 2  zs = 1  f = 4
  zc = 8  zm = 1  zs = 1  f = 4
  zc = 7  zm = 9  zs = 1  f = 4
  zc = 7  zm = 8  zs = 1  f = 4
  zc = 7  zm = 7  zs = 1  f = 4
  zc = 7  zm = 6  zs = 1  f = 4
  zc = 7  zm = 5  zs = 1  f = 4
  zc = 7  zm = 4  zs = 1  f = 4
  zc = 7  zm = 3  zs = 1  f = 4
  zc = 7  zm = 2  zs = 1  f = 4
  zc = 7  zm = 1  zs = 1  f = 4
  zc = 6  zm = 9  zs = 1  f = 4
  zc = 6  zm = 8  zs = 1  f = 4
  zc = 6  zm = 7  zs = 1  f = 4
  zc = 6  zm = 6  zs = 1  f = 4
  zc = 6  zm = 5  zs = 1  f = 4
  zc = 6  zm = 4  zs = 1  f = 4
  zc = 6  zm = 3  zs = 1  f = 4
  zc = 6  zm = 2  zs = 1  f = 4
  zc = 6  zm = 1  zs = 1  f = 4
  zc = 5  zm = 9  zs = 1  f = 4
  zc = 5  zm = 8  zs = 1  f = 4
  zc = 5  zm = 7  zs = 1  f = 4
  zc = 5  zm = 6  zs = 1  f = 4
  zc = 5  zm = 5  zs = 1  f = 4
  zc = 5  zm = 4  zs = 1  f = 4
  zc = 5  zm = 3  zs = 1  f = 4
  zc = 5  zm = 2  zs = 1  f = 4
  zc = 5  zm = 1  zs = 1  f = 4
  zc = 4  zm = 9  zs = 1  f = 4
  zc = 4  zm = 8  zs = 1  f = 4
  zc = 4  zm = 7  zs = 1  f = 4
  zc = 4  zm = 6  zs = 1  f = 4
  zc = 4  zm = 5  zs = 1  f = 4
  zc = 4  zm = 4  zs = 1  f = 4
  zc = 4  zm = 3  zs = 1  f = 4
  zc = 4  zm = 2  zs = 1  f = 4
  zc = 4  zm = 1  zs = 1  f = 4
  zc = 3  zm = 9  zs = 1  f = 4
  zc = 3  zm = 8  zs = 1  f = 4
  zc = 3  zm = 7  zs = 1  f = 4
  zc = 3  zm = 6  zs = 1  f = 4
  zc = 3  zm = 5  zs = 1  f = 4
  zc = 3  zm = 4  zs = 1  f = 4
  zc = 3  zm = 3  zs = 1  f = 4
  zc = 3  zm = 2  zs = 1  f = 4
  zc = 3  zm = 1  zs = 1  f = 4
  zc = 2  zm = 9  zs = 1  f = 4
  zc = 2  zm = 8  zs = 1  f = 4
  zc = 2  zm = 7  zs = 1  f = 4
  zc = 2  zm = 6  zs = 1  f = 4
  zc = 2  zm = 5  zs = 1  f = 4
  zc = 2  zm = 4  zs = 1  f = 4
  zc = 2  zm = 3  zs = 1  f = 4
  zc = 2  zm = 2  zs = 1  f = 4
  zc = 2  zm = 1  zs = 1  f = 4
  zc = 1  zm = 9  zs = 1  f = 4
  zc = 1  zm = 8  zs = 1  f = 4
  zc = 1  zm = 7  zs = 1  f = 4
  zc = 1  zm = 6  zs = 1  f = 4
  zc = 1  zm = 5  zs = 1  f = 4
  zc = 1  zm = 4  zs = 1  f = 4
  zc = 1  zm = 3  zs = 1  f = 4
  zc = 1  zm = 2  zs = 1  f = 4
  zc = 1  zm = 1  zs = 1  f = 4
  zc = 1  zm = 9  zs = 2  f = 4
  zc = 1  zm = 8  zs = 2  f = 4
  zc = 1  zm = 7  zs = 2  f = 4
  zc = 1  zm = 6  zs = 2  f = 4
  zc = 1  zm = 5  zs = 2  f = 4
  zc = 1  zm = 4  zs = 2  f = 4
  zc = 1  zm = 3  zs = 2  f = 4
  zc = 1  zm = 2  zs = 2  f = 4
  zc = 1  zm = 1  zs = 2  f = 4
  zc = 9  zm = 9  zs = 3  f = 4
  zc = 9  zm = 8  zs = 3  f = 4
  zc = 9  zm = 7  zs = 3  f = 4
  zc = 9  zm = 6  zs = 3  f = 4
  zc = 9  zm = 5  zs = 3  f = 4
  zc = 9  zm = 4  zs = 3  f = 4
  zc = 9  zm = 3  zs = 3  f = 4
  zc = 9  zm = 2  zs = 3  f = 4
  zc = 9  zm = 1  zs = 3  f = 4
  zc = 9  zm = 9  zs = 0  f = 5
  zc = 9  zm = 8  zs = 0  f = 5
  zc = 9  zm = 7  zs = 0  f = 5
  zc = 9  zm = 6  zs = 0  f = 5
  zc = 9  zm = 5  zs = 0  f = 5
  zc = 9  zm = 4  zs = 0  f = 5
  zc = 9  zm = 3  zs = 0  f = 5
  zc = 9  zm = 2  zs = 0  f = 5
  zc = 9  zm = 1  zs = 0  f = 5
  zc = 8  zm = 9  zs = 0  f = 5
  zc = 8  zm = 8  zs = 0  f = 5
  zc = 8  zm = 7  zs = 0  f = 5
  zc = 8  zm = 6  zs = 0  f = 5
  zc = 8  zm = 5  zs = 0  f = 5
  zc = 8  zm = 4  zs = 0  f = 5
  zc = 8  zm = 3  zs = 0  f = 5
  zc = 8  zm = 2  zs = 0  f = 5
  zc = 8  zm = 1  zs = 0  f = 5
  zc = 7  zm = 9  zs = 0  f = 5
  zc = 7  zm = 8  zs = 0  f = 5
  zc = 7  zm = 7  zs = 0  f = 5
  zc = 7  zm = 6  zs = 0  f = 5
  zc = 7  zm = 5  zs = 0  f = 5
  zc = 7  zm = 4  zs = 0  f = 5
  zc = 7  zm = 3  zs = 0  f = 5
  zc = 7  zm = 2  zs = 0  f = 5
  zc = 7  zm = 1  zs = 0  f = 5
  zc = 6  zm = 9  zs = 0  f = 5
  zc = 6  zm = 8  zs = 0  f = 5
  zc = 6  zm = 7  zs = 0  f = 5
  zc = 6  zm = 6  zs = 0  f = 5
  zc = 6  zm = 5  zs = 0  f = 5
  zc = 6  zm = 4  zs = 0  f = 5
  zc = 6  zm = 3  zs = 0  f = 5
  zc = 6  zm = 2  zs = 0  f = 5
  zc = 6  zm = 1  zs = 0  f = 5
  zc = 5  zm = 9  zs = 0  f = 5
  zc = 5  zm = 8  zs = 0  f = 5
  zc = 5  zm = 7  zs = 0  f = 5
  zc = 5  zm = 6  zs = 0  f = 5
  zc = 5  zm = 5  zs = 0  f = 5
  zc = 5  zm = 4  zs = 0  f = 5
  zc = 5  zm = 3  zs = 0  f = 5
  zc = 5  zm = 2  zs = 0  f = 5
  zc = 5  zm = 1  zs = 0  f = 5
  zc = 4  zm = 9  zs = 0  f = 5
  zc = 4  zm = 8  zs = 0  f = 5
  zc = 4  zm = 7  zs = 0  f = 5
  zc = 4  zm = 6  zs = 0  f = 5
  zc = 4  zm = 5  zs = 0  f = 5
  zc = 4  zm = 4  zs = 0  f = 5
  zc = 4  zm = 3  zs = 0  f = 5
  zc = 4  zm = 2  zs = 0  f = 5
  zc = 4  zm = 1  zs = 0  f = 5
  zc = 3  zm = 9  zs = 0  f = 5
  zc = 3  zm = 8  zs = 0  f = 5
  zc = 3  zm = 7  zs = 0  f = 5
  zc = 3  zm = 6  zs = 0  f = 5
  zc = 3  zm = 5  zs = 0  f = 5
  zc = 3  zm = 4  zs = 0  f = 5
  zc = 3  zm = 3  zs = 0  f = 5
  zc = 3  zm = 2  zs = 0  f = 5
  zc = 3  zm = 1  zs = 0  f = 5
  zc = 2  zm = 9  zs = 0  f = 5
  zc = 2  zm = 8  zs = 0  f = 5
  zc = 2  zm = 7  zs = 0  f = 5
  zc = 2  zm = 6  zs = 0  f = 5
  zc = 2  zm = 5  zs = 0  f = 5
  zc = 2  zm = 4  zs = 0  f = 5
  zc = 2  zm = 3  zs = 0  f = 5
  zc = 2  zm = 2  zs = 0  f = 5
  zc = 2  zm = 1  zs = 0  f = 5
  zc = 1  zm = 9  zs = 0  f = 5
  zc = 1  zm = 8  zs = 0  f = 5
  zc = 1  zm = 7  zs = 0  f = 5
  zc = 1  zm = 6  zs = 0  f = 5
  zc = 1  zm = 5  zs = 0  f = 5
  zc = 1  zm = 4  zs = 0  f = 5
  zc = 1  zm = 3  zs = 0  f = 5
  zc = 1  zm = 2  zs = 0  f = 5
  zc = 1  zm = 1  zs = 0  f = 5
  zc = 9  zm = 9  zs = 1  f = 5
  zc = 9  zm = 8  zs = 1  f = 5
  zc = 9  zm = 7  zs = 1  f = 5
  zc = 9  zm = 6  zs = 1  f = 5
  zc = 9  zm = 5  zs = 1  f = 5
  zc = 9  zm = 4  zs = 1  f = 5
  zc = 9  zm = 3  zs = 1  f = 5
  zc = 9  zm = 2  zs = 1  f = 5
  zc = 9  zm = 1  zs = 1  f = 5
  zc = 8  zm = 9  zs = 1  f = 5
  zc = 8  zm = 8  zs = 1  f = 5
  zc = 8  zm = 7  zs = 1  f = 5
  zc = 8  zm = 6  zs = 1  f = 5
  zc = 8  zm = 5  zs = 1  f = 5
  zc = 8  zm = 4  zs = 1  f = 5
  zc = 8  zm = 3  zs = 1  f = 5
  zc = 8  zm = 2  zs = 1  f = 5
  zc = 8  zm = 1  zs = 1  f = 5
  zc = 7  zm = 9  zs = 1  f = 5
  zc = 7  zm = 8  zs = 1  f = 5
  zc = 7  zm = 7  zs = 1  f = 5
  zc = 7  zm = 6  zs = 1  f = 5
  zc = 7  zm = 5  zs = 1  f = 5
  zc = 7  zm = 4  zs = 1  f = 5
  zc = 7  zm = 3  zs = 1  f = 5
  zc = 7  zm = 2  zs = 1  f = 5
  zc = 7  zm = 1  zs = 1  f = 5
  zc = 6  zm = 9  zs = 1  f = 5
  zc = 6  zm = 8  zs = 1  f = 5
  zc = 6  zm = 7  zs = 1  f = 5
  zc = 6  zm = 6  zs = 1  f = 5
  zc = 6  zm = 5  zs = 1  f = 5
  zc = 6  zm = 4  zs = 1  f = 5
  zc = 6  zm = 3  zs = 1  f = 5
  zc = 6  zm = 2  zs = 1  f = 5
  zc = 6  zm = 1  zs = 1  f = 5
  zc = 5  zm = 9  zs = 1  f = 5
  zc = 5  zm = 8  zs = 1  f = 5
  zc = 5  zm = 7  zs = 1  f = 5
  zc = 5  zm = 6  zs = 1  f = 5
  zc = 5  zm = 5  zs = 1  f = 5
  zc = 5  zm = 4  zs = 1  f = 5
  zc = 5  zm = 3  zs = 1  f = 5
  zc = 5  zm = 2  zs = 1  f = 5
  zc = 5  zm = 1  zs = 1  f = 5
  zc = 4  zm = 9  zs = 1  f = 5
  zc = 4  zm = 8  zs = 1  f = 5
  zc = 4  zm = 7  zs = 1  f = 5
  zc = 4  zm = 6  zs = 1  f = 5
  zc = 4  zm = 5  zs = 1  f = 5
  zc = 4  zm = 4  zs = 1  f = 5
  zc = 4  zm = 3  zs = 1  f = 5
  zc = 4  zm = 2  zs = 1  f = 5
  zc = 4  zm = 1  zs = 1  f = 5
  zc = 3  zm = 9  zs = 1  f = 5
  zc = 3  zm = 8  zs = 1  f = 5
  zc = 3  zm = 7  zs = 1  f = 5
  zc = 3  zm = 6  zs = 1  f = 5
  zc = 3  zm = 5  zs = 1  f = 5
  zc = 3  zm = 4  zs = 1  f = 5
  zc = 3  zm = 3  zs = 1  f = 5
  zc = 3  zm = 2  zs = 1  f = 5
  zc = 3  zm = 1  zs = 1  f = 5
  zc = 2  zm = 9  zs = 1  f = 5
  zc = 2  zm = 8  zs = 1  f = 5
  zc = 2  zm = 7  zs = 1  f = 5
  zc = 2  zm = 6  zs = 1  f = 5
  zc = 2  zm = 5  zs = 1  f = 5
  zc = 2  zm = 4  zs = 1  f = 5
  zc = 2  zm = 3  zs = 1  f = 5
  zc = 2  zm = 2  zs = 1  f = 5
  zc = 2  zm = 1  zs = 1  f = 5
  zc = 1  zm = 9  zs = 1  f = 5
  zc = 1  zm = 8  zs = 1  f = 5
  zc = 1  zm = 7  zs = 1  f = 5
  zc = 1  zm = 6  zs = 1  f = 5
  zc = 1  zm = 5  zs = 1  f = 5
  zc = 1  zm = 4  zs = 1  f = 5
  zc = 1  zm = 3  zs = 1  f = 5
  zc = 1  zm = 2  zs = 1  f = 5
  zc = 1  zm = 1  zs = 1  f = 5
  zc = 1  zm = 9  zs = 2  f = 5
  zc = 1  zm = 8  zs = 2  f = 5
  zc = 1  zm = 7  zs = 2  f = 5
  zc = 1  zm = 6  zs = 2  f = 5
  zc = 1  zm = 5  zs = 2  f = 5
  zc = 1  zm = 4  zs = 2  f = 5
  zc = 1  zm = 3  zs = 2  f = 5
  zc = 1  zm = 2  zs = 2  f = 5
  zc = 1  zm = 1  zs = 2  f = 5
  zc = 9  zm = 9  zs = 3  f = 5
  zc = 9  zm = 8  zs = 3  f = 5
  zc = 9  zm = 7  zs = 3  f = 5
  zc = 9  zm = 6  zs = 3  f = 5
  zc = 9  zm = 5  zs = 3  f = 5
  zc = 9  zm = 4  zs = 3  f = 5
  zc = 9  zm = 3  zs = 3  f = 5
  zc = 9  zm = 2  zs = 3  f = 5
  zc = 9  zm = 1  zs = 3  f = 5

Selecting parameters:
  zc = 9  zm = 6  zs = 0  f = 0		IDAT size = 216053

Output IDAT size = 216053 bytes (740 bytes decrease)
Output file size = 216890 bytes (1052 bytes = 0.48% decrease)

